<?xml version="1.0" encoding="UTF-8"?>
<testsuite xmlns:xsi="http://www.w3.org/2001/XMLSchema-instance" xsi:noNamespaceSchemaLocation="https://maven.apache.org/surefire/maven-surefire-plugin/xsd/surefire-test-report-3.0.xsd" version="3.0" name="edu.dosw.taller.TallerMasterChefApplicationTests" time="0.636" tests="1" errors="0" skipped="0" failures="0">
  <properties>
[...]
</properties>
  <testcase name="contextLoads" classname="edu.dosw.taller.TallerMasterChefApplicationTests" time="0.0">
    <system-out><![CDATA[2025-10-27T21:01:36.772-05:00  INFO 1628 --- [Taller_MasterChef] [           main] t.c.s.AnnotationConfigContextLoaderUtils : Could not detect default configuration classes for test class [edu.dosw.taller.TallerMasterChefApplicationTests]: TallerMasterChefApplicationTests does not declare any static, non-private, non-final, nested classes annotated with @Configuration.
2025-10-27T21:01:36.786-05:00  INFO 1628 --- [Taller_MasterChef] [           main] .b.t.c.SpringBootTestContextBootstrapper : Found @SpringBootConfiguration edu.dosw.taller.Application for test class edu.dosw.taller.TallerMasterChefApplicationTests

  .   ____          _            __ _ _
 /\\ / ___'_ __ _ _(_)_ __  __ _ \ \ \ \
( ( )\___ | '_ | '_| | '_ \/ _` | \ \ \ \
 \\/  ___)| |_)| | | | | || (_| |  ) ) ) )
  '  |____| .__|_| |_|_| |_\__, | / / / /
 =========|_|==============|___/=/_/_/_/

 :: Spring Boot ::                (v3.5.6)

2025-10-27T21:01:36.826-05:00  INFO 1628 --- [Taller_MasterChef] [           main] e.d.t.TallerMasterChefApplicationTests   : Starting TallerMasterChefApplicationTests using Java 21.0.7 with PID 1628 (started by eliza in C:\Users\eliza\OneDrive\Documentos\ECI\7_SEMESTRE\DOSW\TALLER_RECESO\Taller_MasterChef)
2025-10-27T21:01:36.826-05:00  INFO 1628 --- [Taller_MasterChef] [           main] e.d.t.TallerMasterChefApplicationTests   : No active profile set, falling back to 1 default profile: "default"
2025-10-27T21:01:37.082-05:00  INFO 1628 --- [Taller_MasterChef] [           main] .s.d.r.c.RepositoryConfigurationDelegate : Bootstrapping Spring Data MongoDB repositories in DEFAULT mode.
2025-10-27T21:01:37.092-05:00  INFO 1628 --- [Taller_MasterChef] [           main] .s.d.r.c.RepositoryConfigurationDelegate : Finished Spring Data repository scanning in 10 ms. Found 1 MongoDB repository interface.
2025-10-27T21:01:37.187-05:00  INFO 1628 --- [Taller_MasterChef] [           main] org.mongodb.driver.client                : MongoClient with metadata {"application": {"name": "SIRHA"}, "driver": {"name": "mongo-java-driver|sync|spring-boot", "version": "5.6.0"}, "os": {"type": "Windows", "name": "Windows 11", "architecture": "amd64", "version": "10.0"}, "platform": "Java/Oracle Corporation/21.0.7+8-LTS-245"} created with settings MongoClientSettings{readPreference=primary, writeConcern=WriteConcern{w=majority, wTimeout=null ms, journal=null}, retryWrites=true, retryReads=true, readConcern=ReadConcern{level=null}, credential=MongoCredential{mechanism=null, userName='admin', source='admin', password=<hidden>, mechanismProperties=<hidden>}, transportSettings=null, commandListeners=[], codecRegistry=ProvidersCodecRegistry{codecProviders=[ValueCodecProvider{}, BsonValueCodecProvider{}, DBRefCodecProvider{}, DBObjectCodecProvider{}, DocumentCodecProvider{}, CollectionCodecProvider{}, IterableCodecProvider{}, MapCodecProvider{}, GeoJsonCodecProvider{}, GridFSFileCodecProvider{}, Jsr310CodecProvider{}, JsonObjectCodecProvider{}, BsonCodecProvider{}, com.mongodb.client.model.mql.ExpressionCodecProvider@5292d417, com.mongodb.Jep395RecordCodecProvider@415c5469, com.mongodb.KotlinCodecProvider@5aef36a9, EnumCodecProvider{}]}, loggerSettings=LoggerSettings{maxDocumentLength=1000}, clusterSettings={hosts=[127.0.0.1:27017], srvHost=sirha.geagm0m.mongodb.net, srvServiceName=mongodb, mode=MULTIPLE, requiredClusterType=REPLICA_SET, requiredReplicaSetName='atlas-102rma-shard-0', serverSelector='null', clusterListeners='[]', serverSelectionTimeout='30000 ms', localThreshold='15 ms'}, socketSettings=SocketSettings{connectTimeoutMS=10000, readTimeoutMS=0, receiveBufferSize=0, proxySettings=ProxySettings{host=null, port=null, username=null, password=null}}, heartbeatSocketSettings=SocketSettings{connectTimeoutMS=10000, readTimeoutMS=10000, receiveBufferSize=0, proxySettings=ProxySettings{host=null, port=null, username=null, password=null}}, connectionPoolSettings=ConnectionPoolSettings{maxSize=100, minSize=0, maxWaitTimeMS=120000, maxConnectionLifeTimeMS=0, maxConnectionIdleTimeMS=0, maintenanceInitialDelayMS=0, maintenanceFrequencyMS=60000, connectionPoolListeners=[], maxConnecting=2}, serverSettings=ServerSettings{heartbeatFrequencyMS=10000, minHeartbeatFrequencyMS=500, serverMonitoringMode=AUTO, serverListeners='[]', serverMonitorListeners='[]'}, sslSettings=SslSettings{enabled=true, invalidHostNameAllowed=false, context=null}, applicationName='SIRHA', compressorList=[], uuidRepresentation=JAVA_LEGACY, serverApi=null, autoEncryptionSettings=null, dnsClient=null, inetAddressResolver=null, contextProvider=null, timeoutMS=null}
2025-10-27T21:01:37.202-05:00  INFO 1628 --- [Taller_MasterChef] [m0m.mongodb.net] org.mongodb.driver.cluster               : Adding discovered server ac-wv0uv7f-shard-00-02.geagm0m.mongodb.net:27017 to client view of cluster
2025-10-27T21:01:37.203-05:00  INFO 1628 --- [Taller_MasterChef] [m0m.mongodb.net] org.mongodb.driver.cluster               : Adding discovered server ac-wv0uv7f-shard-00-00.geagm0m.mongodb.net:27017 to client view of cluster
2025-10-27T21:01:37.203-05:00  INFO 1628 --- [Taller_MasterChef] [m0m.mongodb.net] org.mongodb.driver.cluster               : Adding discovered server ac-wv0uv7f-shard-00-01.geagm0m.mongodb.net:27017 to client view of cluster
2025-10-27T21:01:37.382-05:00  INFO 1628 --- [Taller_MasterChef] [           main] r$InitializeUserDetailsManagerConfigurer : Global AuthenticationManager configured with UserDetailsService bean with name inMemoryUserDetailsManager
2025-10-27T21:01:37.408-05:00  INFO 1628 --- [Taller_MasterChef] [           main] e.d.t.TallerMasterChefApplicationTests   : Started TallerMasterChefApplicationTests in 0.622 seconds (process running for 10.352)
]]></system-out>
  </testcase>
</testsuite>